<?xml version="1.0" encoding="UTF-8"?>
<!-- Generated by org.testng.reporters.JUnitReportReporter -->
<testsuite hostname="NIKHIL" failures="0" tests="4" name="com.cx.tests.ProjectDetailsPageTest" time="267.578" errors="0" timestamp="2022-09-28T18:46:57 IST" skipped="0">
  <testcase classname="com.cx.tests.ProjectDetailsPageTest" name="ProjectDetailsTabTest" time="55.221"/>
  <system-out/>
  <testcase classname="com.cx.tests.ProjectDetailsPageTest" name="GeneralDetailsTabTest" time="89.527"/>
  <system-out/>
  <testcase classname="com.cx.tests.ProjectDetailsPageTest" name="SEODetailsTabTest" time="64.265"/>
  <system-out/>
  <testcase classname="com.cx.tests.ProjectDetailsPageTest" name="TrackingTabTest" time="58.565"/>
  <system-out/>
</testsuite> <!-- com.cx.tests.ProjectDetailsPageTest -->
