<?xml version="1.0" encoding="UTF-8"?>
<!-- Generated by org.testng.reporters.JUnitReportReporter -->
<testsuite hostname="NIKHIL" failures="0" tests="1" name="com.rc.tests.LoginPageTest" time="35.063" errors="0" timestamp="2022-09-29T15:26:28 IST" skipped="0">
  <testcase classname="com.rc.tests.LoginPageTest" name="LoginLogoutTest" time="35.063"/>
  <system-out/>
</testsuite> <!-- com.rc.tests.LoginPageTest -->
